\BOOKMARK [1][-]{section.1}{Revisionshistorik}{}% 1
\BOOKMARK [1][-]{section.2}{Detaljbeskrivning\040av\040Player}{}% 2
\BOOKMARK [2][-]{subsection.2.1}{Variabler}{section.2}% 3
\BOOKMARK [2][-]{subsection.2.2}{Metoder\040-\040Arv}{section.2}% 4
\BOOKMARK [3][-]{subsubsection.2.2.1}{get_type\040\(public\)}{subsection.2.2}% 5
\BOOKMARK [3][-]{subsubsection.2.2.2}{is_solid\040\(public\)}{subsection.2.2}% 6
\BOOKMARK [3][-]{subsubsection.2.2.3}{get_delete_status\040\(public\)}{subsection.2.2}% 7
\BOOKMARK [3][-]{subsubsection.2.2.4}{get_shape\040\(public\)}{subsection.2.2}% 8
\BOOKMARK [3][-]{subsubsection.2.2.5}{simulate\040\(public\)}{subsection.2.2}% 9
\BOOKMARK [3][-]{subsubsection.2.2.6}{end_simulate\040\(public\)}{subsection.2.2}% 10
\BOOKMARK [2][-]{subsection.2.3}{Metoder\040-\040Arv\040&\040Override}{section.2}% 11
\BOOKMARK [3][-]{subsubsection.2.3.1}{prepare_simulate\040\(public\)}{subsection.2.3}% 12
\BOOKMARK [3][-]{subsubsection.2.3.2}{handle_moving_collision}{subsection.2.3}% 13
\BOOKMARK [3][-]{subsubsection.2.3.3}{handle_static_collision}{subsection.2.3}% 14
\BOOKMARK [3][-]{subsubsection.2.3.4}{handle_end_collision}{subsection.2.3}% 15
\BOOKMARK [3][-]{subsubsection.2.3.5}{collision_state_cleanup}{subsection.2.3}% 16
\BOOKMARK [2][-]{subsection.2.4}{Metoder\040-\040Nya}{section.2}% 17
\BOOKMARK [3][-]{subsubsection.2.4.1}{get_oog_action\040\(public\)}{subsection.2.4}% 18
\BOOKMARK [1][-]{section.3}{Detaljbeskrivning\040av\040Game_State}{}% 19
\BOOKMARK [2][-]{subsection.3.1}{Variabler}{section.3}% 20
\BOOKMARK [2][-]{subsection.3.2}{Metoder\040-\040Arv}{section.3}% 21
\BOOKMARK [3][-]{subsubsection.3.2.1}{get_background}{subsection.3.2}% 22
\BOOKMARK [3][-]{subsubsection.3.2.2}{get_texturated_objects}{subsection.3.2}% 23
\BOOKMARK [3][-]{subsubsection.3.2.3}{ref_text_objects}{subsection.3.2}% 24
\BOOKMARK [2][-]{subsection.3.3}{Metoder\040-\040Arv\040&\040Override}{section.3}% 25
\BOOKMARK [3][-]{subsubsection.3.3.1}{}{subsection.3.3}% 26
\BOOKMARK [3][-]{subsubsection.3.3.2}{preprare_simulate}{subsection.3.3}% 27
\BOOKMARK [3][-]{subsubsection.3.3.3}{simulate}{subsection.3.3}% 28
\BOOKMARK [1][-]{section.4}{Designbeskrivning}{}% 29
\BOOKMARK [1][-]{section.5}{Externa\040filformat}{}% 30
