\BOOKMARK [1][-]{section.1}{Revisionshistorik}{}% 1
\BOOKMARK [1][-]{section.2}{Spelide}{}% 2
\BOOKMARK [1][-]{section.3}{Målgrupp}{}% 3
\BOOKMARK [1][-]{section.4}{Spelupplevelse}{}% 4
\BOOKMARK [1][-]{section.5}{Spelmekanik}{}% 5
\BOOKMARK [2][-]{subsection.5.1}{In-game}{section.5}% 6
\BOOKMARK [2][-]{subsection.5.2}{Meny}{section.5}% 7
\BOOKMARK [1][-]{section.6}{Regler}{}% 8
\BOOKMARK [2][-]{subsection.6.1}{Allmänt}{section.6}% 9
\BOOKMARK [2][-]{subsection.6.2}{Spelarregler}{section.6}% 10
\BOOKMARK [2][-]{subsection.6.3}{NPC:er}{section.6}% 11
\BOOKMARK [3][-]{subsubsection.6.3.1}{Slow\040bird}{subsection.6.3}% 12
\BOOKMARK [3][-]{subsubsection.6.3.2}{Boost\040bird}{subsection.6.3}% 13
\BOOKMARK [3][-]{subsubsection.6.3.3}{Net\040from\040boost\040bird}{subsection.6.3}% 14
\BOOKMARK [2][-]{subsection.6.4}{Block}{section.6}% 15
\BOOKMARK [2][-]{subsection.6.5}{Icke\040solida\040block}{section.6}% 16
\BOOKMARK [3][-]{subsubsection.6.5.1}{Air\040block}{subsection.6.5}% 17
\BOOKMARK [2][-]{subsection.6.6}{Solida\040block}{section.6}% 18
\BOOKMARK [3][-]{subsubsection.6.6.1}{Goalblock}{subsection.6.6}% 19
\BOOKMARK [3][-]{subsubsection.6.6.2}{Quicksand}{subsection.6.6}% 20
\BOOKMARK [3][-]{subsubsection.6.6.3}{Terrain}{subsection.6.6}% 21
\BOOKMARK [1][-]{section.7}{Visualisering}{}% 22
\BOOKMARK [2][-]{subsection.7.1}{Meny}{section.7}% 23
\BOOKMARK [2][-]{subsection.7.2}{Spelplan}{section.7}% 24
\BOOKMARK [1][-]{section.8}{Kravformulering}{}% 25
\BOOKMARK [2][-]{subsection.8.1}{Ska-krav}{section.8}% 26
\BOOKMARK [2][-]{subsection.8.2}{Bör-krav}{section.8}% 27
\BOOKMARK [1][-]{section.9}{Kravuppfyllelse}{}% 28
