\BOOKMARK [1][-]{section.1}{Revisionshistorik}{}% 1
\BOOKMARK [1][-]{section.2}{Spelide}{}% 2
\BOOKMARK [1][-]{section.3}{Målgrupp}{}% 3
\BOOKMARK [1][-]{section.4}{Spelupplevelse}{}% 4
\BOOKMARK [1][-]{section.5}{Konventioner}{}% 5
\BOOKMARK [1][-]{section.6}{Spelmekanik}{}% 6
\BOOKMARK [2][-]{subsection.6.1}{Meny}{section.6}% 7
\BOOKMARK [2][-]{subsection.6.2}{In-game}{section.6}% 8
\BOOKMARK [3][-]{subsubsection.6.2.1}{Spelarkontroller}{subsection.6.2}% 9
\BOOKMARK [3][-]{subsubsection.6.2.2}{Spelarkollision\040med\040NPC's\040&\040specialblock}{subsection.6.2}% 10
\BOOKMARK [3][-]{subsubsection.6.2.3}{Online-multiplayer \(i mån av tid\)}{subsection.6.2}% 11
\BOOKMARK [3][-]{subsubsection.6.2.4}{Rendering}{subsection.6.2}% 12
\BOOKMARK [1][-]{section.7}{Regler}{}% 13
\BOOKMARK [2][-]{subsection.7.1}{Avklarande\040av\040banor}{section.7}% 14
\BOOKMARK [2][-]{subsection.7.2}{Soliditet}{section.7}% 15
\BOOKMARK [2][-]{subsection.7.3}{Gravitation}{section.7}% 16
\BOOKMARK [2][-]{subsection.7.4}{Spelare}{section.7}% 17
\BOOKMARK [2][-]{subsection.7.5}{NPC's}{section.7}% 18
\BOOKMARK [3][-]{subsubsection.7.5.1}{Slow\040Bird}{subsection.7.5}% 19
\BOOKMARK [3][-]{subsubsection.7.5.2}{Boost\040Bird}{subsection.7.5}% 20
\BOOKMARK [3][-]{subsubsection.7.5.3}{Bomb\040Bird}{subsection.7.5}% 21
\BOOKMARK [2][-]{subsection.7.6}{Block}{section.7}% 22
\BOOKMARK [3][-]{subsubsection.7.6.1}{Net\040from\040Bomb\040Bird}{subsection.7.6}% 23
\BOOKMARK [3][-]{subsubsection.7.6.2}{Quicksand}{subsection.7.6}% 24
\BOOKMARK [3][-]{subsubsection.7.6.3}{Goalblock}{subsection.7.6}% 25
\BOOKMARK [3][-]{subsubsection.7.6.4}{Terrain}{subsection.7.6}% 26
\BOOKMARK [1][-]{section.8}{Visualisering}{}% 27
\BOOKMARK [1][-]{section.9}{Kravformulering}{}% 28
\BOOKMARK [2][-]{subsection.9.1}{Ska-krav}{section.9}% 29
\BOOKMARK [2][-]{subsection.9.2}{Bör-krav}{section.9}% 30
\BOOKMARK [1][-]{section.10}{Kravuppfyllelse}{}% 31
